10-May-2025 15:09:31.509 INFO [main] org.apache.catalina.startup.VersionLoggerListener.log Nom version serveur :              Apache Tomcat/11.0.2
10-May-2025 15:09:31.549 INFO [main] org.apache.catalina.startup.VersionLoggerListener.log Serveur compilé :                  Dec 5 2024 15:19:37 UTC
10-May-2025 15:09:31.554 INFO [main] org.apache.catalina.startup.VersionLoggerListener.log Version du serveur :               11.0.2.0
10-May-2025 15:09:31.556 INFO [main] org.apache.catalina.startup.VersionLoggerListener.log Nom de l'OS :                      Linux
10-May-2025 15:09:31.556 INFO [main] org.apache.catalina.startup.VersionLoggerListener.log Version OS :                       6.8.0-58-generic
10-May-2025 15:09:31.557 INFO [main] org.apache.catalina.startup.VersionLoggerListener.log Architecture :                     amd64
10-May-2025 15:09:31.557 INFO [main] org.apache.catalina.startup.VersionLoggerListener.log Java Home :                        /usr/lib/jvm/jdk-23-oracle-x64
10-May-2025 15:09:31.562 INFO [main] org.apache.catalina.startup.VersionLoggerListener.log Version JVM :                      23+37-2369
10-May-2025 15:09:31.565 INFO [main] org.apache.catalina.startup.VersionLoggerListener.log Fournisseur de la JVM :            Oracle Corporation
10-May-2025 15:09:31.565 INFO [main] org.apache.catalina.startup.VersionLoggerListener.log CATALINA_BASE :                    /home/eaeule/E-banking_prjt
10-May-2025 15:09:31.568 INFO [main] org.apache.catalina.startup.VersionLoggerListener.log CATALINA_HOME :                    /home/eaeule/apache-tomcat-11.0.2
10-May-2025 15:09:31.631 INFO [main] org.apache.catalina.startup.VersionLoggerListener.log Argument de la ligne de commande : --add-opens=java.base/java.lang=ALL-UNNAMED
10-May-2025 15:09:31.634 INFO [main] org.apache.catalina.startup.VersionLoggerListener.log Argument de la ligne de commande : --add-opens=java.base/java.io=ALL-UNNAMED
10-May-2025 15:09:31.634 INFO [main] org.apache.catalina.startup.VersionLoggerListener.log Argument de la ligne de commande : --add-opens=java.base/java.util=ALL-UNNAMED
10-May-2025 15:09:31.635 INFO [main] org.apache.catalina.startup.VersionLoggerListener.log Argument de la ligne de commande : --add-opens=java.base/java.util.concurrent=ALL-UNNAMED
10-May-2025 15:09:31.636 INFO [main] org.apache.catalina.startup.VersionLoggerListener.log Argument de la ligne de commande : --add-opens=java.rmi/sun.rmi.transport=ALL-UNNAMED
10-May-2025 15:09:31.639 INFO [main] org.apache.catalina.startup.VersionLoggerListener.log Argument de la ligne de commande : -Dcatalina.home=/home/eaeule/apache-tomcat-11.0.2
10-May-2025 15:09:31.639 INFO [main] org.apache.catalina.startup.VersionLoggerListener.log Argument de la ligne de commande : -Dcatalina.base=/home/eaeule/E-banking_prjt
10-May-2025 15:09:31.640 INFO [main] org.apache.catalina.startup.VersionLoggerListener.log Argument de la ligne de commande : -Djava.io.tmpdir=/home/eaeule/E-banking_prjt/temp
10-May-2025 15:09:31.640 INFO [main] org.apache.catalina.startup.VersionLoggerListener.log Argument de la ligne de commande : -Djava.util.logging.config.file=/home/eaeule/E-banking_prjt/conf/logging.properties
10-May-2025 15:09:31.643 INFO [main] org.apache.catalina.startup.VersionLoggerListener.log Argument de la ligne de commande : -Djava.util.logging.manager=org.apache.juli.ClassLoaderLogManager
10-May-2025 15:09:31.643 INFO [main] org.apache.catalina.startup.VersionLoggerListener.log Argument de la ligne de commande : -javaagent:/snap/intellij-idea-community/598/lib/idea_rt.jar=38069
10-May-2025 15:09:31.647 INFO [main] org.apache.catalina.startup.VersionLoggerListener.log Argument de la ligne de commande : -Dfile.encoding=UTF-8
10-May-2025 15:09:31.647 INFO [main] org.apache.catalina.startup.VersionLoggerListener.log Argument de la ligne de commande : -Dsun.stdout.encoding=UTF-8
10-May-2025 15:09:31.648 INFO [main] org.apache.catalina.startup.VersionLoggerListener.log Argument de la ligne de commande : -Dsun.stderr.encoding=UTF-8
10-May-2025 15:09:31.662 INFO [main] org.apache.catalina.core.AprLifecycleListener.lifecycleEvent La librairie Apache Tomcat Native basée sur APR qui permet des performances optimales dans les environnements de production n'a pas été trouvée sur le java.library.path : [/usr/java/packages/lib:/usr/lib64:/lib64:/lib:/usr/lib]
10-May-2025 15:09:33.770 INFO [main] org.apache.coyote.AbstractProtocol.init Initialisation du gestionnaire de protocole ["http-nio-8081"]
10-May-2025 15:09:33.863 INFO [main] org.apache.catalina.startup.Catalina.load L'initialisation du serveur a pris [4157] millisecondes
10-May-2025 15:09:34.082 INFO [main] org.apache.catalina.core.StandardService.startInternal Démarrage du service [Catalina]
10-May-2025 15:09:34.087 INFO [main] org.apache.catalina.core.StandardEngine.startInternal Démarrage du moteur de Servlets : [Apache Tomcat/11.0.2]
10-May-2025 15:09:34.136 INFO [main] org.apache.catalina.startup.HostConfig.deployDescriptor Déploiement du descripteur de configuration [/home/eaeule/E-banking_prjt/conf/Catalina/localhost/E-banking_prjt.xml]
10-May-2025 15:09:39.904 INFO [main] org.apache.jasper.servlet.TldScanner.scanJars Au moins un fichier JAR a été analysé pour trouver des TLDs mais il n'en contenait pas, le mode "debug" du journal peut être activé pour obtenir une liste complète de JAR scannés sans succès ; éviter d'analyser des JARs inutilement peut améliorer sensiblement le temps de démarrage et le temps de compilation des JSPs
10-May-2025 15:09:44.478 INFO [main] org.apache.catalina.startup.HostConfig.deployDescriptor Le traitement du descripteur de déploiement [/home/eaeule/E-banking_prjt/conf/Catalina/localhost/E-banking_prjt.xml] a pris [10 323] ms
10-May-2025 15:09:44.497 INFO [main] org.apache.coyote.AbstractProtocol.start Démarrage du gestionnaire de protocole ["http-nio-8081"]
10-May-2025 15:09:44.572 INFO [main] org.apache.catalina.startup.Catalina.start Le démarrage du serveur a pris [10702] millisecondes
10-May-2025 15:34:04.847 INFO [Thread-1] org.apache.coyote.AbstractProtocol.pause Le gestionnaire de protocole ["http-nio-8081"] est mis en pause
10-May-2025 15:34:04.858 INFO [Thread-1] org.apache.catalina.core.StandardService.stopInternal Arrêt du service [Catalina]
10-May-2025 15:34:05.167 INFO [Thread-1] org.apache.coyote.AbstractProtocol.stop Arrêt du gestionnaire de protocole ["http-nio-8081"]
10-May-2025 15:34:05.185 INFO [Thread-1] org.apache.coyote.AbstractProtocol.destroy Destruction du gestionnaire de protocole ["http-nio-8081"]
10-May-2025 15:34:40.554 INFO [main] org.apache.catalina.startup.VersionLoggerListener.log Nom version serveur :              Apache Tomcat/11.0.2
10-May-2025 15:34:40.581 INFO [main] org.apache.catalina.startup.VersionLoggerListener.log Serveur compilé :                  Dec 5 2024 15:19:37 UTC
10-May-2025 15:34:40.583 INFO [main] org.apache.catalina.startup.VersionLoggerListener.log Version du serveur :               11.0.2.0
10-May-2025 15:34:40.583 INFO [main] org.apache.catalina.startup.VersionLoggerListener.log Nom de l'OS :                      Linux
10-May-2025 15:34:40.584 INFO [main] org.apache.catalina.startup.VersionLoggerListener.log Version OS :                       6.8.0-58-generic
10-May-2025 15:34:40.584 INFO [main] org.apache.catalina.startup.VersionLoggerListener.log Architecture :                     amd64
10-May-2025 15:34:40.585 INFO [main] org.apache.catalina.startup.VersionLoggerListener.log Java Home :                        /usr/lib/jvm/jdk-23-oracle-x64
10-May-2025 15:34:40.585 INFO [main] org.apache.catalina.startup.VersionLoggerListener.log Version JVM :                      23+37-2369
10-May-2025 15:34:40.586 INFO [main] org.apache.catalina.startup.VersionLoggerListener.log Fournisseur de la JVM :            Oracle Corporation
10-May-2025 15:34:40.587 INFO [main] org.apache.catalina.startup.VersionLoggerListener.log CATALINA_BASE :                    /home/eaeule/E-banking_prjt
10-May-2025 15:34:40.587 INFO [main] org.apache.catalina.startup.VersionLoggerListener.log CATALINA_HOME :                    /home/eaeule/apache-tomcat-11.0.2
10-May-2025 15:34:40.632 INFO [main] org.apache.catalina.startup.VersionLoggerListener.log Argument de la ligne de commande : --add-opens=java.base/java.lang=ALL-UNNAMED
10-May-2025 15:34:40.633 INFO [main] org.apache.catalina.startup.VersionLoggerListener.log Argument de la ligne de commande : --add-opens=java.base/java.io=ALL-UNNAMED
10-May-2025 15:34:40.633 INFO [main] org.apache.catalina.startup.VersionLoggerListener.log Argument de la ligne de commande : --add-opens=java.base/java.util=ALL-UNNAMED
10-May-2025 15:34:40.634 INFO [main] org.apache.catalina.startup.VersionLoggerListener.log Argument de la ligne de commande : --add-opens=java.base/java.util.concurrent=ALL-UNNAMED
10-May-2025 15:34:40.634 INFO [main] org.apache.catalina.startup.VersionLoggerListener.log Argument de la ligne de commande : --add-opens=java.rmi/sun.rmi.transport=ALL-UNNAMED
10-May-2025 15:34:40.638 INFO [main] org.apache.catalina.startup.VersionLoggerListener.log Argument de la ligne de commande : -Dcatalina.home=/home/eaeule/apache-tomcat-11.0.2
10-May-2025 15:34:40.639 INFO [main] org.apache.catalina.startup.VersionLoggerListener.log Argument de la ligne de commande : -Dcatalina.base=/home/eaeule/E-banking_prjt
10-May-2025 15:34:40.639 INFO [main] org.apache.catalina.startup.VersionLoggerListener.log Argument de la ligne de commande : -Djava.io.tmpdir=/home/eaeule/E-banking_prjt/temp
10-May-2025 15:34:40.642 INFO [main] org.apache.catalina.startup.VersionLoggerListener.log Argument de la ligne de commande : -Djava.util.logging.config.file=/home/eaeule/E-banking_prjt/conf/logging.properties
10-May-2025 15:34:40.642 INFO [main] org.apache.catalina.startup.VersionLoggerListener.log Argument de la ligne de commande : -Djava.util.logging.manager=org.apache.juli.ClassLoaderLogManager
10-May-2025 15:34:40.643 INFO [main] org.apache.catalina.startup.VersionLoggerListener.log Argument de la ligne de commande : -javaagent:/snap/intellij-idea-community/598/lib/idea_rt.jar=35325
10-May-2025 15:34:40.644 INFO [main] org.apache.catalina.startup.VersionLoggerListener.log Argument de la ligne de commande : -Dfile.encoding=UTF-8
10-May-2025 15:34:40.644 INFO [main] org.apache.catalina.startup.VersionLoggerListener.log Argument de la ligne de commande : -Dsun.stdout.encoding=UTF-8
10-May-2025 15:34:40.646 INFO [main] org.apache.catalina.startup.VersionLoggerListener.log Argument de la ligne de commande : -Dsun.stderr.encoding=UTF-8
10-May-2025 15:34:40.657 INFO [main] org.apache.catalina.core.AprLifecycleListener.lifecycleEvent La librairie Apache Tomcat Native basée sur APR qui permet des performances optimales dans les environnements de production n'a pas été trouvée sur le java.library.path : [/usr/java/packages/lib:/usr/lib64:/lib64:/lib:/usr/lib]
10-May-2025 15:34:42.487 INFO [main] org.apache.coyote.AbstractProtocol.init Initialisation du gestionnaire de protocole ["http-nio-8080"]
10-May-2025 15:34:42.574 INFO [main] org.apache.catalina.startup.Catalina.load L'initialisation du serveur a pris [3248] millisecondes
10-May-2025 15:34:42.801 INFO [main] org.apache.catalina.core.StandardService.startInternal Démarrage du service [Catalina]
10-May-2025 15:34:42.802 INFO [main] org.apache.catalina.core.StandardEngine.startInternal Démarrage du moteur de Servlets : [Apache Tomcat/11.0.2]
10-May-2025 15:34:42.838 INFO [main] org.apache.catalina.startup.HostConfig.deployDescriptor Déploiement du descripteur de configuration [/home/eaeule/E-banking_prjt/conf/Catalina/localhost/E-banking_prjt.xml]
10-May-2025 15:34:47.632 INFO [main] org.apache.jasper.servlet.TldScanner.scanJars Au moins un fichier JAR a été analysé pour trouver des TLDs mais il n'en contenait pas, le mode "debug" du journal peut être activé pour obtenir une liste complète de JAR scannés sans succès ; éviter d'analyser des JARs inutilement peut améliorer sensiblement le temps de démarrage et le temps de compilation des JSPs
10-May-2025 15:34:51.675 INFO [main] org.apache.catalina.startup.HostConfig.deployDescriptor Le traitement du descripteur de déploiement [/home/eaeule/E-banking_prjt/conf/Catalina/localhost/E-banking_prjt.xml] a pris [8 822] ms
10-May-2025 15:34:51.738 INFO [main] org.apache.coyote.AbstractProtocol.start Démarrage du gestionnaire de protocole ["http-nio-8080"]
10-May-2025 15:34:51.784 INFO [main] org.apache.catalina.startup.Catalina.start Le démarrage du serveur a pris [9204] millisecondes
10-May-2025 15:35:29.158 INFO [Thread-1] org.apache.coyote.AbstractProtocol.pause Le gestionnaire de protocole ["http-nio-8080"] est mis en pause
10-May-2025 15:35:29.164 INFO [Thread-1] org.apache.catalina.core.StandardService.stopInternal Arrêt du service [Catalina]
10-May-2025 15:35:29.265 INFO [Thread-1] org.apache.coyote.AbstractProtocol.stop Arrêt du gestionnaire de protocole ["http-nio-8080"]
10-May-2025 15:35:29.284 INFO [Thread-1] org.apache.coyote.AbstractProtocol.destroy Destruction du gestionnaire de protocole ["http-nio-8080"]
10-May-2025 15:36:03.536 INFO [main] org.apache.catalina.startup.VersionLoggerListener.log Nom version serveur :              Apache Tomcat/11.0.2
10-May-2025 15:36:03.554 INFO [main] org.apache.catalina.startup.VersionLoggerListener.log Serveur compilé :                  Dec 5 2024 15:19:37 UTC
10-May-2025 15:36:03.555 INFO [main] org.apache.catalina.startup.VersionLoggerListener.log Version du serveur :               11.0.2.0
10-May-2025 15:36:03.555 INFO [main] org.apache.catalina.startup.VersionLoggerListener.log Nom de l'OS :                      Linux
10-May-2025 15:36:03.556 INFO [main] org.apache.catalina.startup.VersionLoggerListener.log Version OS :                       6.8.0-58-generic
10-May-2025 15:36:03.556 INFO [main] org.apache.catalina.startup.VersionLoggerListener.log Architecture :                     amd64
10-May-2025 15:36:03.557 INFO [main] org.apache.catalina.startup.VersionLoggerListener.log Java Home :                        /usr/lib/jvm/jdk-23-oracle-x64
10-May-2025 15:36:03.560 INFO [main] org.apache.catalina.startup.VersionLoggerListener.log Version JVM :                      23+37-2369
10-May-2025 15:36:03.561 INFO [main] org.apache.catalina.startup.VersionLoggerListener.log Fournisseur de la JVM :            Oracle Corporation
10-May-2025 15:36:03.562 INFO [main] org.apache.catalina.startup.VersionLoggerListener.log CATALINA_BASE :                    /home/eaeule/E-banking_prjt
10-May-2025 15:36:03.563 INFO [main] org.apache.catalina.startup.VersionLoggerListener.log CATALINA_HOME :                    /home/eaeule/apache-tomcat-11.0.2
10-May-2025 15:36:03.607 INFO [main] org.apache.catalina.startup.VersionLoggerListener.log Argument de la ligne de commande : --add-opens=java.base/java.lang=ALL-UNNAMED
10-May-2025 15:36:03.607 INFO [main] org.apache.catalina.startup.VersionLoggerListener.log Argument de la ligne de commande : --add-opens=java.base/java.io=ALL-UNNAMED
10-May-2025 15:36:03.610 INFO [main] org.apache.catalina.startup.VersionLoggerListener.log Argument de la ligne de commande : --add-opens=java.base/java.util=ALL-UNNAMED
10-May-2025 15:36:03.610 INFO [main] org.apache.catalina.startup.VersionLoggerListener.log Argument de la ligne de commande : --add-opens=java.base/java.util.concurrent=ALL-UNNAMED
10-May-2025 15:36:03.611 INFO [main] org.apache.catalina.startup.VersionLoggerListener.log Argument de la ligne de commande : --add-opens=java.rmi/sun.rmi.transport=ALL-UNNAMED
10-May-2025 15:36:03.611 INFO [main] org.apache.catalina.startup.VersionLoggerListener.log Argument de la ligne de commande : -Dcatalina.home=/home/eaeule/apache-tomcat-11.0.2
10-May-2025 15:36:03.611 INFO [main] org.apache.catalina.startup.VersionLoggerListener.log Argument de la ligne de commande : -Dcatalina.base=/home/eaeule/E-banking_prjt
10-May-2025 15:36:03.612 INFO [main] org.apache.catalina.startup.VersionLoggerListener.log Argument de la ligne de commande : -Djava.io.tmpdir=/home/eaeule/E-banking_prjt/temp
10-May-2025 15:36:03.613 INFO [main] org.apache.catalina.startup.VersionLoggerListener.log Argument de la ligne de commande : -Djava.util.logging.config.file=/home/eaeule/E-banking_prjt/conf/logging.properties
10-May-2025 15:36:03.613 INFO [main] org.apache.catalina.startup.VersionLoggerListener.log Argument de la ligne de commande : -Djava.util.logging.manager=org.apache.juli.ClassLoaderLogManager
10-May-2025 15:36:03.614 INFO [main] org.apache.catalina.startup.VersionLoggerListener.log Argument de la ligne de commande : -javaagent:/snap/intellij-idea-community/598/lib/idea_rt.jar=42805
10-May-2025 15:36:03.614 INFO [main] org.apache.catalina.startup.VersionLoggerListener.log Argument de la ligne de commande : -Dfile.encoding=UTF-8
10-May-2025 15:36:03.615 INFO [main] org.apache.catalina.startup.VersionLoggerListener.log Argument de la ligne de commande : -Dsun.stdout.encoding=UTF-8
10-May-2025 15:36:03.615 INFO [main] org.apache.catalina.startup.VersionLoggerListener.log Argument de la ligne de commande : -Dsun.stderr.encoding=UTF-8
10-May-2025 15:36:03.621 INFO [main] org.apache.catalina.core.AprLifecycleListener.lifecycleEvent La librairie Apache Tomcat Native basée sur APR qui permet des performances optimales dans les environnements de production n'a pas été trouvée sur le java.library.path : [/usr/java/packages/lib:/usr/lib64:/lib64:/lib:/usr/lib]
10-May-2025 15:36:05.375 INFO [main] org.apache.coyote.AbstractProtocol.init Initialisation du gestionnaire de protocole ["http-nio-8081"]
10-May-2025 15:36:05.477 INFO [main] org.apache.catalina.startup.Catalina.load L'initialisation du serveur a pris [2881] millisecondes
10-May-2025 15:36:05.682 INFO [main] org.apache.catalina.core.StandardService.startInternal Démarrage du service [Catalina]
10-May-2025 15:36:05.684 INFO [main] org.apache.catalina.core.StandardEngine.startInternal Démarrage du moteur de Servlets : [Apache Tomcat/11.0.2]
10-May-2025 15:36:05.720 INFO [main] org.apache.catalina.startup.HostConfig.deployDescriptor Déploiement du descripteur de configuration [/home/eaeule/E-banking_prjt/conf/Catalina/localhost/E-banking_prjt.xml]
10-May-2025 15:36:10.268 INFO [main] org.apache.jasper.servlet.TldScanner.scanJars Au moins un fichier JAR a été analysé pour trouver des TLDs mais il n'en contenait pas, le mode "debug" du journal peut être activé pour obtenir une liste complète de JAR scannés sans succès ; éviter d'analyser des JARs inutilement peut améliorer sensiblement le temps de démarrage et le temps de compilation des JSPs
10-May-2025 15:36:14.222 INFO [main] org.apache.catalina.startup.HostConfig.deployDescriptor Le traitement du descripteur de déploiement [/home/eaeule/E-banking_prjt/conf/Catalina/localhost/E-banking_prjt.xml] a pris [8 491] ms
10-May-2025 15:36:14.241 INFO [main] org.apache.coyote.AbstractProtocol.start Démarrage du gestionnaire de protocole ["http-nio-8081"]
10-May-2025 15:36:14.282 INFO [main] org.apache.catalina.startup.Catalina.start Le démarrage du serveur a pris [8798] millisecondes
10-May-2025 15:36:44.678 INFO [Thread-1] org.apache.coyote.AbstractProtocol.pause Le gestionnaire de protocole ["http-nio-8081"] est mis en pause
10-May-2025 15:36:44.683 INFO [Thread-1] org.apache.catalina.core.StandardService.stopInternal Arrêt du service [Catalina]
10-May-2025 15:36:44.784 INFO [Thread-1] org.apache.coyote.AbstractProtocol.stop Arrêt du gestionnaire de protocole ["http-nio-8081"]
10-May-2025 15:36:44.798 INFO [Thread-1] org.apache.coyote.AbstractProtocol.destroy Destruction du gestionnaire de protocole ["http-nio-8081"]
10-May-2025 15:37:16.498 INFO [main] org.apache.catalina.startup.VersionLoggerListener.log Nom version serveur :              Apache Tomcat/11.0.2
10-May-2025 15:37:16.517 INFO [main] org.apache.catalina.startup.VersionLoggerListener.log Serveur compilé :                  Dec 5 2024 15:19:37 UTC
10-May-2025 15:37:16.518 INFO [main] org.apache.catalina.startup.VersionLoggerListener.log Version du serveur :               11.0.2.0
10-May-2025 15:37:16.518 INFO [main] org.apache.catalina.startup.VersionLoggerListener.log Nom de l'OS :                      Linux
10-May-2025 15:37:16.519 INFO [main] org.apache.catalina.startup.VersionLoggerListener.log Version OS :                       6.8.0-58-generic
10-May-2025 15:37:16.520 INFO [main] org.apache.catalina.startup.VersionLoggerListener.log Architecture :                     amd64
10-May-2025 15:37:16.520 INFO [main] org.apache.catalina.startup.VersionLoggerListener.log Java Home :                        /usr/lib/jvm/jdk-23-oracle-x64
10-May-2025 15:37:16.520 INFO [main] org.apache.catalina.startup.VersionLoggerListener.log Version JVM :                      23+37-2369
10-May-2025 15:37:16.521 INFO [main] org.apache.catalina.startup.VersionLoggerListener.log Fournisseur de la JVM :            Oracle Corporation
10-May-2025 15:37:16.521 INFO [main] org.apache.catalina.startup.VersionLoggerListener.log CATALINA_BASE :                    /home/eaeule/E-banking_prjt
10-May-2025 15:37:16.522 INFO [main] org.apache.catalina.startup.VersionLoggerListener.log CATALINA_HOME :                    /home/eaeule/apache-tomcat-11.0.2
10-May-2025 15:37:16.578 INFO [main] org.apache.catalina.startup.VersionLoggerListener.log Argument de la ligne de commande : --add-opens=java.base/java.lang=ALL-UNNAMED
10-May-2025 15:37:16.579 INFO [main] org.apache.catalina.startup.VersionLoggerListener.log Argument de la ligne de commande : --add-opens=java.base/java.io=ALL-UNNAMED
10-May-2025 15:37:16.580 INFO [main] org.apache.catalina.startup.VersionLoggerListener.log Argument de la ligne de commande : --add-opens=java.base/java.util=ALL-UNNAMED
10-May-2025 15:37:16.580 INFO [main] org.apache.catalina.startup.VersionLoggerListener.log Argument de la ligne de commande : --add-opens=java.base/java.util.concurrent=ALL-UNNAMED
10-May-2025 15:37:16.585 INFO [main] org.apache.catalina.startup.VersionLoggerListener.log Argument de la ligne de commande : --add-opens=java.rmi/sun.rmi.transport=ALL-UNNAMED
10-May-2025 15:37:16.585 INFO [main] org.apache.catalina.startup.VersionLoggerListener.log Argument de la ligne de commande : -Dcatalina.home=/home/eaeule/apache-tomcat-11.0.2
10-May-2025 15:37:16.586 INFO [main] org.apache.catalina.startup.VersionLoggerListener.log Argument de la ligne de commande : -Dcatalina.base=/home/eaeule/E-banking_prjt
10-May-2025 15:37:16.586 INFO [main] org.apache.catalina.startup.VersionLoggerListener.log Argument de la ligne de commande : -Djava.io.tmpdir=/home/eaeule/E-banking_prjt/temp
10-May-2025 15:37:16.587 INFO [main] org.apache.catalina.startup.VersionLoggerListener.log Argument de la ligne de commande : -Djava.util.logging.config.file=/home/eaeule/E-banking_prjt/conf/logging.properties
10-May-2025 15:37:16.590 INFO [main] org.apache.catalina.startup.VersionLoggerListener.log Argument de la ligne de commande : -Djava.util.logging.manager=org.apache.juli.ClassLoaderLogManager
10-May-2025 15:37:16.590 INFO [main] org.apache.catalina.startup.VersionLoggerListener.log Argument de la ligne de commande : -javaagent:/snap/intellij-idea-community/598/lib/idea_rt.jar=44107
10-May-2025 15:37:16.591 INFO [main] org.apache.catalina.startup.VersionLoggerListener.log Argument de la ligne de commande : -Dfile.encoding=UTF-8
10-May-2025 15:37:16.591 INFO [main] org.apache.catalina.startup.VersionLoggerListener.log Argument de la ligne de commande : -Dsun.stdout.encoding=UTF-8
10-May-2025 15:37:16.592 INFO [main] org.apache.catalina.startup.VersionLoggerListener.log Argument de la ligne de commande : -Dsun.stderr.encoding=UTF-8
10-May-2025 15:37:16.599 INFO [main] org.apache.catalina.core.AprLifecycleListener.lifecycleEvent La librairie Apache Tomcat Native basée sur APR qui permet des performances optimales dans les environnements de production n'a pas été trouvée sur le java.library.path : [/usr/java/packages/lib:/usr/lib64:/lib64:/lib:/usr/lib]
10-May-2025 15:37:18.330 INFO [main] org.apache.coyote.AbstractProtocol.init Initialisation du gestionnaire de protocole ["http-nio-8080"]
10-May-2025 15:37:18.453 INFO [main] org.apache.catalina.startup.Catalina.load L'initialisation du serveur a pris [2901] millisecondes
10-May-2025 15:37:18.675 INFO [main] org.apache.catalina.core.StandardService.startInternal Démarrage du service [Catalina]
10-May-2025 15:37:18.676 INFO [main] org.apache.catalina.core.StandardEngine.startInternal Démarrage du moteur de Servlets : [Apache Tomcat/11.0.2]
10-May-2025 15:37:18.709 INFO [main] org.apache.catalina.startup.HostConfig.deployDescriptor Déploiement du descripteur de configuration [/home/eaeule/E-banking_prjt/conf/Catalina/localhost/E-banking_prjt.xml]
10-May-2025 15:37:23.619 INFO [main] org.apache.jasper.servlet.TldScanner.scanJars Au moins un fichier JAR a été analysé pour trouver des TLDs mais il n'en contenait pas, le mode "debug" du journal peut être activé pour obtenir une liste complète de JAR scannés sans succès ; éviter d'analyser des JARs inutilement peut améliorer sensiblement le temps de démarrage et le temps de compilation des JSPs
10-May-2025 15:37:27.837 INFO [main] org.apache.catalina.startup.HostConfig.deployDescriptor Le traitement du descripteur de déploiement [/home/eaeule/E-banking_prjt/conf/Catalina/localhost/E-banking_prjt.xml] a pris [9 117] ms
10-May-2025 15:37:27.862 INFO [main] org.apache.coyote.AbstractProtocol.start Démarrage du gestionnaire de protocole ["http-nio-8080"]
10-May-2025 15:37:27.949 INFO [main] org.apache.catalina.startup.Catalina.start Le démarrage du serveur a pris [9491] millisecondes
10-May-2025 15:38:02.969 INFO [Thread-1] org.apache.coyote.AbstractProtocol.pause Le gestionnaire de protocole ["http-nio-8080"] est mis en pause
10-May-2025 15:38:02.976 INFO [Thread-1] org.apache.catalina.core.StandardService.stopInternal Arrêt du service [Catalina]
10-May-2025 15:38:03.075 INFO [Thread-1] org.apache.coyote.AbstractProtocol.stop Arrêt du gestionnaire de protocole ["http-nio-8080"]
10-May-2025 15:38:03.091 INFO [Thread-1] org.apache.coyote.AbstractProtocol.destroy Destruction du gestionnaire de protocole ["http-nio-8080"]
