02-Jun-2025 18:01:17.777 INFO [main] org.apache.catalina.startup.VersionLoggerListener.log Nom version serveur :              Apache Tomcat/11.0.2
02-Jun-2025 18:01:17.868 INFO [main] org.apache.catalina.startup.VersionLoggerListener.log Serveur compilé :                  Dec 5 2024 15:19:37 UTC
02-Jun-2025 18:01:17.869 INFO [main] org.apache.catalina.startup.VersionLoggerListener.log Version du serveur :               11.0.2.0
02-Jun-2025 18:01:17.882 INFO [main] org.apache.catalina.startup.VersionLoggerListener.log Nom de l'OS :                      Linux
02-Jun-2025 18:01:17.882 INFO [main] org.apache.catalina.startup.VersionLoggerListener.log Version OS :                       6.8.0-59-generic
02-Jun-2025 18:01:17.883 INFO [main] org.apache.catalina.startup.VersionLoggerListener.log Architecture :                     amd64
02-Jun-2025 18:01:17.884 INFO [main] org.apache.catalina.startup.VersionLoggerListener.log Java Home :                        /usr/lib/jvm/jdk-23-oracle-x64
02-Jun-2025 18:01:17.884 INFO [main] org.apache.catalina.startup.VersionLoggerListener.log Version JVM :                      23+37-2369
02-Jun-2025 18:01:17.888 INFO [main] org.apache.catalina.startup.VersionLoggerListener.log Fournisseur de la JVM :            Oracle Corporation
02-Jun-2025 18:01:17.889 INFO [main] org.apache.catalina.startup.VersionLoggerListener.log CATALINA_BASE :                    /home/eaeule/E-banking_prjt
02-Jun-2025 18:01:17.889 INFO [main] org.apache.catalina.startup.VersionLoggerListener.log CATALINA_HOME :                    /home/eaeule/apache-tomcat-11.0.2
02-Jun-2025 18:01:18.046 INFO [main] org.apache.catalina.startup.VersionLoggerListener.log Argument de la ligne de commande : --add-opens=java.base/java.lang=ALL-UNNAMED
02-Jun-2025 18:01:18.051 INFO [main] org.apache.catalina.startup.VersionLoggerListener.log Argument de la ligne de commande : --add-opens=java.base/java.io=ALL-UNNAMED
02-Jun-2025 18:01:18.052 INFO [main] org.apache.catalina.startup.VersionLoggerListener.log Argument de la ligne de commande : --add-opens=java.base/java.util=ALL-UNNAMED
02-Jun-2025 18:01:18.052 INFO [main] org.apache.catalina.startup.VersionLoggerListener.log Argument de la ligne de commande : --add-opens=java.base/java.util.concurrent=ALL-UNNAMED
02-Jun-2025 18:01:18.053 INFO [main] org.apache.catalina.startup.VersionLoggerListener.log Argument de la ligne de commande : --add-opens=java.rmi/sun.rmi.transport=ALL-UNNAMED
02-Jun-2025 18:01:18.053 INFO [main] org.apache.catalina.startup.VersionLoggerListener.log Argument de la ligne de commande : -Dcatalina.home=/home/eaeule/apache-tomcat-11.0.2
02-Jun-2025 18:01:18.055 INFO [main] org.apache.catalina.startup.VersionLoggerListener.log Argument de la ligne de commande : -Dcatalina.base=/home/eaeule/E-banking_prjt
02-Jun-2025 18:01:18.060 INFO [main] org.apache.catalina.startup.VersionLoggerListener.log Argument de la ligne de commande : -Djava.io.tmpdir=/home/eaeule/E-banking_prjt/temp
02-Jun-2025 18:01:18.060 INFO [main] org.apache.catalina.startup.VersionLoggerListener.log Argument de la ligne de commande : -Djava.util.logging.config.file=/home/eaeule/E-banking_prjt/conf/logging.properties
02-Jun-2025 18:01:18.061 INFO [main] org.apache.catalina.startup.VersionLoggerListener.log Argument de la ligne de commande : -Djava.util.logging.manager=org.apache.juli.ClassLoaderLogManager
02-Jun-2025 18:01:18.062 INFO [main] org.apache.catalina.startup.VersionLoggerListener.log Argument de la ligne de commande : -javaagent:/snap/intellij-idea-community/609/lib/idea_rt.jar=44527
02-Jun-2025 18:01:18.062 INFO [main] org.apache.catalina.startup.VersionLoggerListener.log Argument de la ligne de commande : -Dfile.encoding=UTF-8
02-Jun-2025 18:01:18.076 INFO [main] org.apache.catalina.startup.VersionLoggerListener.log Argument de la ligne de commande : -Dsun.stdout.encoding=UTF-8
02-Jun-2025 18:01:18.077 INFO [main] org.apache.catalina.startup.VersionLoggerListener.log Argument de la ligne de commande : -Dsun.stderr.encoding=UTF-8
02-Jun-2025 18:01:18.133 INFO [main] org.apache.catalina.core.AprLifecycleListener.lifecycleEvent La librairie Apache Tomcat Native basée sur APR qui permet des performances optimales dans les environnements de production n'a pas été trouvée sur le java.library.path : [/usr/java/packages/lib:/usr/lib64:/lib64:/lib:/usr/lib]
02-Jun-2025 18:01:28.912 INFO [main] org.apache.coyote.AbstractProtocol.init Initialisation du gestionnaire de protocole ["http-nio-8081"]
02-Jun-2025 18:01:29.016 INFO [main] org.apache.catalina.startup.Catalina.load L'initialisation du serveur a pris [13498] millisecondes
02-Jun-2025 18:01:29.301 INFO [main] org.apache.catalina.core.StandardService.startInternal Démarrage du service [Catalina]
02-Jun-2025 18:01:29.302 INFO [main] org.apache.catalina.core.StandardEngine.startInternal Démarrage du moteur de Servlets : [Apache Tomcat/11.0.2]
02-Jun-2025 18:01:29.346 INFO [main] org.apache.catalina.startup.HostConfig.deployDescriptor Déploiement du descripteur de configuration [/home/eaeule/E-banking_prjt/conf/Catalina/localhost/E-banking_prjt.xml]
02-Jun-2025 18:01:52.501 INFO [main] org.apache.jasper.servlet.TldScanner.scanJars Au moins un fichier JAR a été analysé pour trouver des TLDs mais il n'en contenait pas, le mode "debug" du journal peut être activé pour obtenir une liste complète de JAR scannés sans succès ; éviter d'analyser des JARs inutilement peut améliorer sensiblement le temps de démarrage et le temps de compilation des JSPs
02-Jun-2025 18:02:04.744 INFO [main] org.apache.catalina.startup.HostConfig.deployDescriptor Le traitement du descripteur de déploiement [/home/eaeule/E-banking_prjt/conf/Catalina/localhost/E-banking_prjt.xml] a pris [35 374] ms
02-Jun-2025 18:02:04.781 INFO [main] org.apache.coyote.AbstractProtocol.start Démarrage du gestionnaire de protocole ["http-nio-8081"]
02-Jun-2025 18:02:04.909 INFO [main] org.apache.catalina.startup.Catalina.start Le démarrage du serveur a pris [35884] millisecondes
02-Jun-2025 18:21:16.480 INFO [Thread-2] org.apache.coyote.AbstractProtocol.pause Le gestionnaire de protocole ["http-nio-8081"] est mis en pause
02-Jun-2025 18:21:16.524 INFO [Thread-2] org.apache.catalina.core.StandardService.stopInternal Arrêt du service [Catalina]
02-Jun-2025 18:21:17.441 WARNING [Thread-2] org.apache.catalina.loader.WebappClassLoaderBase.clearReferencesThreads L'application web [E-banking_prjt] semble avoir démarré un thread nommé [grpc-default-worker-ELG-1-1] mais ne l'a pas arrêté, ce qui va probablement créer une fuite de mémoire ; la trace du thread est : 
 io.grpc.netty.shaded.io.netty.channel.epoll.Native.epollWait0(Native Method)
 io.grpc.netty.shaded.io.netty.channel.epoll.Native.epollWait(Native.java:182)
 io.grpc.netty.shaded.io.netty.channel.epoll.EpollEventLoop.epollWait(EpollEventLoop.java:312)
 io.grpc.netty.shaded.io.netty.channel.epoll.EpollEventLoop.run(EpollEventLoop.java:376)
 io.grpc.netty.shaded.io.netty.util.concurrent.SingleThreadEventExecutor$4.run(SingleThreadEventExecutor.java:997)
 io.grpc.netty.shaded.io.netty.util.internal.ThreadExecutorMap$2.run(ThreadExecutorMap.java:74)
 io.grpc.netty.shaded.io.netty.util.concurrent.FastThreadLocalRunnable.run(FastThreadLocalRunnable.java:30)
 java.base/java.lang.Thread.run(Thread.java:1575)
02-Jun-2025 18:21:17.449 WARNING [Thread-2] org.apache.catalina.loader.WebappClassLoaderBase.clearReferencesThreads L'application web [E-banking_prjt] semble avoir démarré un thread nommé [grpc-default-worker-ELG-1-2] mais ne l'a pas arrêté, ce qui va probablement créer une fuite de mémoire ; la trace du thread est : 
 io.grpc.netty.shaded.io.netty.channel.epoll.Native.epollWait(Native Method)
 io.grpc.netty.shaded.io.netty.channel.epoll.Native.epollWait(Native.java:209)
 io.grpc.netty.shaded.io.netty.channel.epoll.Native.epollWait(Native.java:202)
 io.grpc.netty.shaded.io.netty.channel.epoll.EpollEventLoop.epollWaitNoTimerChange(EpollEventLoop.java:316)
 io.grpc.netty.shaded.io.netty.channel.epoll.EpollEventLoop.run(EpollEventLoop.java:373)
 io.grpc.netty.shaded.io.netty.util.concurrent.SingleThreadEventExecutor$4.run(SingleThreadEventExecutor.java:997)
 io.grpc.netty.shaded.io.netty.util.internal.ThreadExecutorMap$2.run(ThreadExecutorMap.java:74)
 io.grpc.netty.shaded.io.netty.util.concurrent.FastThreadLocalRunnable.run(FastThreadLocalRunnable.java:30)
 java.base/java.lang.Thread.run(Thread.java:1575)
02-Jun-2025 18:21:17.450 WARNING [Thread-2] org.apache.catalina.loader.WebappClassLoaderBase.clearReferencesThreads L'application web [E-banking_prjt] semble avoir démarré un thread nommé [grpc-default-worker-ELG-1-3] mais ne l'a pas arrêté, ce qui va probablement créer une fuite de mémoire ; la trace du thread est : 
 io.grpc.netty.shaded.io.netty.channel.epoll.Native.epollWait(Native Method)
 io.grpc.netty.shaded.io.netty.channel.epoll.Native.epollWait(Native.java:209)
 io.grpc.netty.shaded.io.netty.channel.epoll.Native.epollWait(Native.java:202)
 io.grpc.netty.shaded.io.netty.channel.epoll.EpollEventLoop.epollWaitNoTimerChange(EpollEventLoop.java:316)
 io.grpc.netty.shaded.io.netty.channel.epoll.EpollEventLoop.run(EpollEventLoop.java:373)
 io.grpc.netty.shaded.io.netty.util.concurrent.SingleThreadEventExecutor$4.run(SingleThreadEventExecutor.java:997)
 io.grpc.netty.shaded.io.netty.util.internal.ThreadExecutorMap$2.run(ThreadExecutorMap.java:74)
 io.grpc.netty.shaded.io.netty.util.concurrent.FastThreadLocalRunnable.run(FastThreadLocalRunnable.java:30)
 java.base/java.lang.Thread.run(Thread.java:1575)
02-Jun-2025 18:21:17.461 WARNING [Thread-2] org.apache.catalina.loader.WebappClassLoaderBase.clearReferencesThreads L'application web [E-banking_prjt] semble avoir démarré un thread nommé [grpc-default-worker-ELG-1-4] mais ne l'a pas arrêté, ce qui va probablement créer une fuite de mémoire ; la trace du thread est : 
 io.grpc.netty.shaded.io.netty.channel.epoll.Native.epollWait(Native Method)
 io.grpc.netty.shaded.io.netty.channel.epoll.Native.epollWait(Native.java:209)
 io.grpc.netty.shaded.io.netty.channel.epoll.Native.epollWait(Native.java:202)
 io.grpc.netty.shaded.io.netty.channel.epoll.EpollEventLoop.epollWaitNoTimerChange(EpollEventLoop.java:316)
 io.grpc.netty.shaded.io.netty.channel.epoll.EpollEventLoop.run(EpollEventLoop.java:373)
 io.grpc.netty.shaded.io.netty.util.concurrent.SingleThreadEventExecutor$4.run(SingleThreadEventExecutor.java:997)
 io.grpc.netty.shaded.io.netty.util.internal.ThreadExecutorMap$2.run(ThreadExecutorMap.java:74)
 io.grpc.netty.shaded.io.netty.util.concurrent.FastThreadLocalRunnable.run(FastThreadLocalRunnable.java:30)
 java.base/java.lang.Thread.run(Thread.java:1575)
02-Jun-2025 18:21:17.472 WARNING [Thread-2] org.apache.catalina.loader.WebappClassLoaderBase.clearReferencesThreads L'application web [E-banking_prjt] semble avoir démarré un thread nommé [grpc-shared-destroyer-0] mais ne l'a pas arrêté, ce qui va probablement créer une fuite de mémoire ; la trace du thread est : 
 java.base/jdk.internal.misc.Unsafe.park(Native Method)
 java.base/java.util.concurrent.locks.LockSupport.parkNanos(LockSupport.java:269)
 java.base/java.util.concurrent.locks.AbstractQueuedSynchronizer$ConditionObject.awaitNanos(AbstractQueuedSynchronizer.java:1763)
 java.base/java.util.concurrent.ScheduledThreadPoolExecutor$DelayedWorkQueue.take(ScheduledThreadPoolExecutor.java:1182)
 java.base/java.util.concurrent.ScheduledThreadPoolExecutor$DelayedWorkQueue.take(ScheduledThreadPoolExecutor.java:899)
 java.base/java.util.concurrent.ThreadPoolExecutor.getTask(ThreadPoolExecutor.java:1070)
 java.base/java.util.concurrent.ThreadPoolExecutor.runWorker(ThreadPoolExecutor.java:1130)
 java.base/java.util.concurrent.ThreadPoolExecutor$Worker.run(ThreadPoolExecutor.java:642)
 java.base/java.lang.Thread.run(Thread.java:1575)
02-Jun-2025 18:21:17.507 SEVERE [Thread-2] org.apache.catalina.loader.WebappClassLoaderBase.checkThreadLocalMapForLeaks L'application web [E-banking_prjt] a crée un ThreadLocal avec une clé de type [java.lang.ThreadLocal] (valeur [java.lang.ThreadLocal@651f4337]) et une valeur de type [io.grpc.netty.shaded.io.netty.util.internal.InternalThreadLocalMap] (valeur [io.grpc.netty.shaded.io.netty.util.internal.InternalThreadLocalMap@28ea153c]) mais ne l'a pas supprimé lorsqu'elle a été arrêtée, les threads seront graduellement renouvelés pour éviter une probable fuite de mémoire
02-Jun-2025 18:21:17.517 SEVERE [Thread-2] org.apache.catalina.loader.WebappClassLoaderBase.checkThreadLocalMapForLeaks L'application web [E-banking_prjt] a crée un ThreadLocal avec une clé de type [java.lang.ThreadLocal] (valeur [java.lang.ThreadLocal@651f4337]) et une valeur de type [io.grpc.netty.shaded.io.netty.util.internal.InternalThreadLocalMap] (valeur [io.grpc.netty.shaded.io.netty.util.internal.InternalThreadLocalMap@4548be0b]) mais ne l'a pas supprimé lorsqu'elle a été arrêtée, les threads seront graduellement renouvelés pour éviter une probable fuite de mémoire
02-Jun-2025 18:21:17.528 SEVERE [Thread-2] org.apache.catalina.loader.WebappClassLoaderBase.checkThreadLocalMapForLeaks L'application web [E-banking_prjt] a crée un ThreadLocal avec une clé de type [java.lang.ThreadLocal] (valeur [java.lang.ThreadLocal@651f4337]) et une valeur de type [io.grpc.netty.shaded.io.netty.util.internal.InternalThreadLocalMap] (valeur [io.grpc.netty.shaded.io.netty.util.internal.InternalThreadLocalMap@20d911f4]) mais ne l'a pas supprimé lorsqu'elle a été arrêtée, les threads seront graduellement renouvelés pour éviter une probable fuite de mémoire
02-Jun-2025 18:21:17.532 SEVERE [Thread-2] org.apache.catalina.loader.WebappClassLoaderBase.checkThreadLocalMapForLeaks L'application web [E-banking_prjt] a crée un ThreadLocal avec une clé de type [java.lang.ThreadLocal] (valeur [java.lang.ThreadLocal@651f4337]) et une valeur de type [io.grpc.netty.shaded.io.netty.util.internal.InternalThreadLocalMap] (valeur [io.grpc.netty.shaded.io.netty.util.internal.InternalThreadLocalMap@70397f65]) mais ne l'a pas supprimé lorsqu'elle a été arrêtée, les threads seront graduellement renouvelés pour éviter une probable fuite de mémoire
02-Jun-2025 18:21:17.536 SEVERE [Thread-2] org.apache.catalina.loader.WebappClassLoaderBase.checkThreadLocalMapForLeaks L'application web [E-banking_prjt] a crée un ThreadLocal avec une clé de type [java.lang.ThreadLocal] (valeur [java.lang.ThreadLocal@651f4337]) et une valeur de type [io.grpc.netty.shaded.io.netty.util.internal.InternalThreadLocalMap] (valeur [io.grpc.netty.shaded.io.netty.util.internal.InternalThreadLocalMap@32944794]) mais ne l'a pas supprimé lorsqu'elle a été arrêtée, les threads seront graduellement renouvelés pour éviter une probable fuite de mémoire
02-Jun-2025 18:21:17.546 SEVERE [Thread-2] org.apache.catalina.loader.WebappClassLoaderBase.checkThreadLocalMapForLeaks L'application web [E-banking_prjt] a crée un ThreadLocal avec une clé de type [java.lang.ThreadLocal] (valeur [java.lang.ThreadLocal@651f4337]) et une valeur de type [io.grpc.netty.shaded.io.netty.util.internal.InternalThreadLocalMap] (valeur [io.grpc.netty.shaded.io.netty.util.internal.InternalThreadLocalMap@240ef3e7]) mais ne l'a pas supprimé lorsqu'elle a été arrêtée, les threads seront graduellement renouvelés pour éviter une probable fuite de mémoire
02-Jun-2025 18:21:17.550 SEVERE [Thread-2] org.apache.catalina.loader.WebappClassLoaderBase.checkThreadLocalMapForLeaks L'application web [E-banking_prjt] a crée un ThreadLocal avec une clé de type [java.lang.ThreadLocal] (valeur [java.lang.ThreadLocal@651f4337]) et une valeur de type [io.grpc.netty.shaded.io.netty.util.internal.InternalThreadLocalMap] (valeur [io.grpc.netty.shaded.io.netty.util.internal.InternalThreadLocalMap@3b4f40f4]) mais ne l'a pas supprimé lorsqu'elle a été arrêtée, les threads seront graduellement renouvelés pour éviter une probable fuite de mémoire
02-Jun-2025 18:21:17.738 INFO [Thread-2] org.apache.coyote.AbstractProtocol.stop Arrêt du gestionnaire de protocole ["http-nio-8081"]
02-Jun-2025 18:21:17.787 INFO [Thread-2] org.apache.coyote.AbstractProtocol.destroy Destruction du gestionnaire de protocole ["http-nio-8081"]
02-Jun-2025 19:17:40.479 INFO [main] org.apache.catalina.startup.VersionLoggerListener.log Nom version serveur :              Apache Tomcat/11.0.2
02-Jun-2025 19:17:40.504 INFO [main] org.apache.catalina.startup.VersionLoggerListener.log Serveur compilé :                  Dec 5 2024 15:19:37 UTC
02-Jun-2025 19:17:40.505 INFO [main] org.apache.catalina.startup.VersionLoggerListener.log Version du serveur :               11.0.2.0
02-Jun-2025 19:17:40.506 INFO [main] org.apache.catalina.startup.VersionLoggerListener.log Nom de l'OS :                      Linux
02-Jun-2025 19:17:40.507 INFO [main] org.apache.catalina.startup.VersionLoggerListener.log Version OS :                       6.8.0-59-generic
02-Jun-2025 19:17:40.508 INFO [main] org.apache.catalina.startup.VersionLoggerListener.log Architecture :                     amd64
02-Jun-2025 19:17:40.509 INFO [main] org.apache.catalina.startup.VersionLoggerListener.log Java Home :                        /usr/lib/jvm/jdk-23-oracle-x64
02-Jun-2025 19:17:40.510 INFO [main] org.apache.catalina.startup.VersionLoggerListener.log Version JVM :                      23+37-2369
02-Jun-2025 19:17:40.510 INFO [main] org.apache.catalina.startup.VersionLoggerListener.log Fournisseur de la JVM :            Oracle Corporation
02-Jun-2025 19:17:40.511 INFO [main] org.apache.catalina.startup.VersionLoggerListener.log CATALINA_BASE :                    /home/eaeule/E-banking_prjt
02-Jun-2025 19:17:40.511 INFO [main] org.apache.catalina.startup.VersionLoggerListener.log CATALINA_HOME :                    /home/eaeule/apache-tomcat-11.0.2
02-Jun-2025 19:17:40.548 INFO [main] org.apache.catalina.startup.VersionLoggerListener.log Argument de la ligne de commande : --add-opens=java.base/java.lang=ALL-UNNAMED
02-Jun-2025 19:17:40.549 INFO [main] org.apache.catalina.startup.VersionLoggerListener.log Argument de la ligne de commande : --add-opens=java.base/java.io=ALL-UNNAMED
02-Jun-2025 19:17:40.550 INFO [main] org.apache.catalina.startup.VersionLoggerListener.log Argument de la ligne de commande : --add-opens=java.base/java.util=ALL-UNNAMED
02-Jun-2025 19:17:40.550 INFO [main] org.apache.catalina.startup.VersionLoggerListener.log Argument de la ligne de commande : --add-opens=java.base/java.util.concurrent=ALL-UNNAMED
02-Jun-2025 19:17:40.551 INFO [main] org.apache.catalina.startup.VersionLoggerListener.log Argument de la ligne de commande : --add-opens=java.rmi/sun.rmi.transport=ALL-UNNAMED
02-Jun-2025 19:17:40.554 INFO [main] org.apache.catalina.startup.VersionLoggerListener.log Argument de la ligne de commande : -Dcatalina.home=/home/eaeule/apache-tomcat-11.0.2
02-Jun-2025 19:17:40.554 INFO [main] org.apache.catalina.startup.VersionLoggerListener.log Argument de la ligne de commande : -Dcatalina.base=/home/eaeule/E-banking_prjt
02-Jun-2025 19:17:40.555 INFO [main] org.apache.catalina.startup.VersionLoggerListener.log Argument de la ligne de commande : -Djava.io.tmpdir=/home/eaeule/E-banking_prjt/temp
02-Jun-2025 19:17:40.555 INFO [main] org.apache.catalina.startup.VersionLoggerListener.log Argument de la ligne de commande : -Djava.util.logging.config.file=/home/eaeule/E-banking_prjt/conf/logging.properties
02-Jun-2025 19:17:40.556 INFO [main] org.apache.catalina.startup.VersionLoggerListener.log Argument de la ligne de commande : -Djava.util.logging.manager=org.apache.juli.ClassLoaderLogManager
02-Jun-2025 19:17:40.556 INFO [main] org.apache.catalina.startup.VersionLoggerListener.log Argument de la ligne de commande : -javaagent:/snap/intellij-idea-community/609/lib/idea_rt.jar=37709
02-Jun-2025 19:17:40.557 INFO [main] org.apache.catalina.startup.VersionLoggerListener.log Argument de la ligne de commande : -Dfile.encoding=UTF-8
02-Jun-2025 19:17:40.557 INFO [main] org.apache.catalina.startup.VersionLoggerListener.log Argument de la ligne de commande : -Dsun.stdout.encoding=UTF-8
02-Jun-2025 19:17:40.557 INFO [main] org.apache.catalina.startup.VersionLoggerListener.log Argument de la ligne de commande : -Dsun.stderr.encoding=UTF-8
02-Jun-2025 19:17:40.565 INFO [main] org.apache.catalina.core.AprLifecycleListener.lifecycleEvent La librairie Apache Tomcat Native basée sur APR qui permet des performances optimales dans les environnements de production n'a pas été trouvée sur le java.library.path : [/usr/java/packages/lib:/usr/lib64:/lib64:/lib:/usr/lib]
02-Jun-2025 19:17:42.487 INFO [main] org.apache.coyote.AbstractProtocol.init Initialisation du gestionnaire de protocole ["http-nio-8081"]
02-Jun-2025 19:17:42.592 INFO [main] org.apache.catalina.startup.Catalina.load L'initialisation du serveur a pris [3325] millisecondes
02-Jun-2025 19:17:42.844 INFO [main] org.apache.catalina.core.StandardService.startInternal Démarrage du service [Catalina]
02-Jun-2025 19:17:42.846 INFO [main] org.apache.catalina.core.StandardEngine.startInternal Démarrage du moteur de Servlets : [Apache Tomcat/11.0.2]
02-Jun-2025 19:17:42.883 INFO [main] org.apache.catalina.startup.HostConfig.deployDescriptor Déploiement du descripteur de configuration [/home/eaeule/E-banking_prjt/conf/Catalina/localhost/E-banking_prjt.xml]
02-Jun-2025 19:17:54.242 INFO [main] org.apache.jasper.servlet.TldScanner.scanJars Au moins un fichier JAR a été analysé pour trouver des TLDs mais il n'en contenait pas, le mode "debug" du journal peut être activé pour obtenir une liste complète de JAR scannés sans succès ; éviter d'analyser des JARs inutilement peut améliorer sensiblement le temps de démarrage et le temps de compilation des JSPs
02-Jun-2025 19:18:04.885 INFO [main] org.apache.catalina.startup.HostConfig.deployDescriptor Le traitement du descripteur de déploiement [/home/eaeule/E-banking_prjt/conf/Catalina/localhost/E-banking_prjt.xml] a pris [21 988] ms
02-Jun-2025 19:18:04.903 INFO [main] org.apache.coyote.AbstractProtocol.start Démarrage du gestionnaire de protocole ["http-nio-8081"]
02-Jun-2025 19:18:04.960 INFO [main] org.apache.catalina.startup.Catalina.start Le démarrage du serveur a pris [22358] millisecondes
