22-May-2025 22:56:14.360 INFO [main] org.apache.catalina.startup.VersionLoggerListener.log Nom version serveur :              Apache Tomcat/11.0.2
22-May-2025 22:56:14.398 INFO [main] org.apache.catalina.startup.VersionLoggerListener.log Serveur compilé :                  Dec 5 2024 15:19:37 UTC
22-May-2025 22:56:14.399 INFO [main] org.apache.catalina.startup.VersionLoggerListener.log Version du serveur :               11.0.2.0
22-May-2025 22:56:14.400 INFO [main] org.apache.catalina.startup.VersionLoggerListener.log Nom de l'OS :                      Linux
22-May-2025 22:56:14.400 INFO [main] org.apache.catalina.startup.VersionLoggerListener.log Version OS :                       6.8.0-59-generic
22-May-2025 22:56:14.401 INFO [main] org.apache.catalina.startup.VersionLoggerListener.log Architecture :                     amd64
22-May-2025 22:56:14.401 INFO [main] org.apache.catalina.startup.VersionLoggerListener.log Java Home :                        /usr/lib/jvm/jdk-23-oracle-x64
22-May-2025 22:56:14.402 INFO [main] org.apache.catalina.startup.VersionLoggerListener.log Version JVM :                      23+37-2369
22-May-2025 22:56:14.403 INFO [main] org.apache.catalina.startup.VersionLoggerListener.log Fournisseur de la JVM :            Oracle Corporation
22-May-2025 22:56:14.403 INFO [main] org.apache.catalina.startup.VersionLoggerListener.log CATALINA_BASE :                    /home/eaeule/E-banking_prjt
22-May-2025 22:56:14.404 INFO [main] org.apache.catalina.startup.VersionLoggerListener.log CATALINA_HOME :                    /home/eaeule/apache-tomcat-11.0.2
22-May-2025 22:56:14.493 INFO [main] org.apache.catalina.startup.VersionLoggerListener.log Argument de la ligne de commande : --add-opens=java.base/java.lang=ALL-UNNAMED
22-May-2025 22:56:14.494 INFO [main] org.apache.catalina.startup.VersionLoggerListener.log Argument de la ligne de commande : --add-opens=java.base/java.io=ALL-UNNAMED
22-May-2025 22:56:14.495 INFO [main] org.apache.catalina.startup.VersionLoggerListener.log Argument de la ligne de commande : --add-opens=java.base/java.util=ALL-UNNAMED
22-May-2025 22:56:14.495 INFO [main] org.apache.catalina.startup.VersionLoggerListener.log Argument de la ligne de commande : --add-opens=java.base/java.util.concurrent=ALL-UNNAMED
22-May-2025 22:56:14.496 INFO [main] org.apache.catalina.startup.VersionLoggerListener.log Argument de la ligne de commande : --add-opens=java.rmi/sun.rmi.transport=ALL-UNNAMED
22-May-2025 22:56:14.497 INFO [main] org.apache.catalina.startup.VersionLoggerListener.log Argument de la ligne de commande : -Dcatalina.home=/home/eaeule/apache-tomcat-11.0.2
22-May-2025 22:56:14.497 INFO [main] org.apache.catalina.startup.VersionLoggerListener.log Argument de la ligne de commande : -Dcatalina.base=/home/eaeule/E-banking_prjt
22-May-2025 22:56:14.498 INFO [main] org.apache.catalina.startup.VersionLoggerListener.log Argument de la ligne de commande : -Djava.io.tmpdir=/home/eaeule/E-banking_prjt/temp
22-May-2025 22:56:14.498 INFO [main] org.apache.catalina.startup.VersionLoggerListener.log Argument de la ligne de commande : -Djava.util.logging.config.file=/home/eaeule/E-banking_prjt/conf/logging.properties
22-May-2025 22:56:14.499 INFO [main] org.apache.catalina.startup.VersionLoggerListener.log Argument de la ligne de commande : -Djava.util.logging.manager=org.apache.juli.ClassLoaderLogManager
22-May-2025 22:56:14.500 INFO [main] org.apache.catalina.startup.VersionLoggerListener.log Argument de la ligne de commande : -javaagent:/snap/intellij-idea-community/609/lib/idea_rt.jar=40795
22-May-2025 22:56:14.501 INFO [main] org.apache.catalina.startup.VersionLoggerListener.log Argument de la ligne de commande : -Dfile.encoding=UTF-8
22-May-2025 22:56:14.502 INFO [main] org.apache.catalina.startup.VersionLoggerListener.log Argument de la ligne de commande : -Dsun.stdout.encoding=UTF-8
22-May-2025 22:56:14.502 INFO [main] org.apache.catalina.startup.VersionLoggerListener.log Argument de la ligne de commande : -Dsun.stderr.encoding=UTF-8
22-May-2025 22:56:14.522 INFO [main] org.apache.catalina.core.AprLifecycleListener.lifecycleEvent La librairie Apache Tomcat Native basée sur APR qui permet des performances optimales dans les environnements de production n'a pas été trouvée sur le java.library.path : [/usr/java/packages/lib:/usr/lib64:/lib64:/lib:/usr/lib]
22-May-2025 22:56:16.496 INFO [main] org.apache.coyote.AbstractProtocol.init Initialisation du gestionnaire de protocole ["http-nio-8081"]
22-May-2025 22:56:16.595 INFO [main] org.apache.catalina.startup.Catalina.load L'initialisation du serveur a pris [3795] millisecondes
22-May-2025 22:56:16.826 INFO [main] org.apache.catalina.core.StandardService.startInternal Démarrage du service [Catalina]
22-May-2025 22:56:16.827 INFO [main] org.apache.catalina.core.StandardEngine.startInternal Démarrage du moteur de Servlets : [Apache Tomcat/11.0.2]
22-May-2025 22:56:16.878 INFO [main] org.apache.catalina.startup.HostConfig.deployDescriptor Déploiement du descripteur de configuration [/home/eaeule/E-banking_prjt/conf/Catalina/localhost/E-banking_prjt.xml]
22-May-2025 22:56:27.692 INFO [main] org.apache.jasper.servlet.TldScanner.scanJars Au moins un fichier JAR a été analysé pour trouver des TLDs mais il n'en contenait pas, le mode "debug" du journal peut être activé pour obtenir une liste complète de JAR scannés sans succès ; éviter d'analyser des JARs inutilement peut améliorer sensiblement le temps de démarrage et le temps de compilation des JSPs
22-May-2025 22:56:36.403 INFO [main] org.apache.catalina.startup.HostConfig.deployDescriptor Le traitement du descripteur de déploiement [/home/eaeule/E-banking_prjt/conf/Catalina/localhost/E-banking_prjt.xml] a pris [19 507] ms
22-May-2025 22:56:36.433 INFO [main] org.apache.coyote.AbstractProtocol.start Démarrage du gestionnaire de protocole ["http-nio-8081"]
22-May-2025 22:56:36.497 INFO [main] org.apache.catalina.startup.Catalina.start Le démarrage du serveur a pris [19897] millisecondes
22-May-2025 23:08:54.197 INFO [Thread-2] org.apache.coyote.AbstractProtocol.pause Le gestionnaire de protocole ["http-nio-8081"] est mis en pause
22-May-2025 23:08:54.213 INFO [Thread-2] org.apache.catalina.core.StandardService.stopInternal Arrêt du service [Catalina]
22-May-2025 23:08:54.472 WARNING [Thread-2] org.apache.catalina.loader.WebappClassLoaderBase.clearReferencesThreads L'application web [E-banking_prjt] semble avoir démarré un thread nommé [grpc-default-worker-ELG-1-1] mais ne l'a pas arrêté, ce qui va probablement créer une fuite de mémoire ; la trace du thread est : 
 io.grpc.netty.shaded.io.netty.channel.epoll.Native.epollWait0(Native Method)
 io.grpc.netty.shaded.io.netty.channel.epoll.Native.epollWait(Native.java:182)
 io.grpc.netty.shaded.io.netty.channel.epoll.EpollEventLoop.epollWait(EpollEventLoop.java:312)
 io.grpc.netty.shaded.io.netty.channel.epoll.EpollEventLoop.run(EpollEventLoop.java:376)
 io.grpc.netty.shaded.io.netty.util.concurrent.SingleThreadEventExecutor$4.run(SingleThreadEventExecutor.java:997)
 io.grpc.netty.shaded.io.netty.util.internal.ThreadExecutorMap$2.run(ThreadExecutorMap.java:74)
 io.grpc.netty.shaded.io.netty.util.concurrent.FastThreadLocalRunnable.run(FastThreadLocalRunnable.java:30)
 java.base/java.lang.Thread.run(Thread.java:1575)
22-May-2025 23:08:54.474 WARNING [Thread-2] org.apache.catalina.loader.WebappClassLoaderBase.clearReferencesThreads L'application web [E-banking_prjt] semble avoir démarré un thread nommé [grpc-default-worker-ELG-1-2] mais ne l'a pas arrêté, ce qui va probablement créer une fuite de mémoire ; la trace du thread est : 
 io.grpc.netty.shaded.io.netty.channel.epoll.Native.epollWait(Native Method)
 io.grpc.netty.shaded.io.netty.channel.epoll.Native.epollWait(Native.java:209)
 io.grpc.netty.shaded.io.netty.channel.epoll.Native.epollWait(Native.java:202)
 io.grpc.netty.shaded.io.netty.channel.epoll.EpollEventLoop.epollWaitNoTimerChange(EpollEventLoop.java:316)
 io.grpc.netty.shaded.io.netty.channel.epoll.EpollEventLoop.run(EpollEventLoop.java:373)
 io.grpc.netty.shaded.io.netty.util.concurrent.SingleThreadEventExecutor$4.run(SingleThreadEventExecutor.java:997)
 io.grpc.netty.shaded.io.netty.util.internal.ThreadExecutorMap$2.run(ThreadExecutorMap.java:74)
 io.grpc.netty.shaded.io.netty.util.concurrent.FastThreadLocalRunnable.run(FastThreadLocalRunnable.java:30)
 java.base/java.lang.Thread.run(Thread.java:1575)
22-May-2025 23:08:54.475 WARNING [Thread-2] org.apache.catalina.loader.WebappClassLoaderBase.clearReferencesThreads L'application web [E-banking_prjt] semble avoir démarré un thread nommé [grpc-default-worker-ELG-1-3] mais ne l'a pas arrêté, ce qui va probablement créer une fuite de mémoire ; la trace du thread est : 
 io.grpc.netty.shaded.io.netty.channel.epoll.Native.epollWait(Native Method)
 io.grpc.netty.shaded.io.netty.channel.epoll.Native.epollWait(Native.java:209)
 io.grpc.netty.shaded.io.netty.channel.epoll.Native.epollWait(Native.java:202)
 io.grpc.netty.shaded.io.netty.channel.epoll.EpollEventLoop.epollWaitNoTimerChange(EpollEventLoop.java:316)
 io.grpc.netty.shaded.io.netty.channel.epoll.EpollEventLoop.run(EpollEventLoop.java:373)
 io.grpc.netty.shaded.io.netty.util.concurrent.SingleThreadEventExecutor$4.run(SingleThreadEventExecutor.java:997)
 io.grpc.netty.shaded.io.netty.util.internal.ThreadExecutorMap$2.run(ThreadExecutorMap.java:74)
 io.grpc.netty.shaded.io.netty.util.concurrent.FastThreadLocalRunnable.run(FastThreadLocalRunnable.java:30)
 java.base/java.lang.Thread.run(Thread.java:1575)
22-May-2025 23:08:54.478 WARNING [Thread-2] org.apache.catalina.loader.WebappClassLoaderBase.clearReferencesThreads L'application web [E-banking_prjt] semble avoir démarré un thread nommé [grpc-default-worker-ELG-1-4] mais ne l'a pas arrêté, ce qui va probablement créer une fuite de mémoire ; la trace du thread est : 
 java.base/java.io.RandomAccessFile.readBytes0(Native Method)
 java.base/java.io.RandomAccessFile.readBytes(RandomAccessFile.java:428)
 java.base/java.io.RandomAccessFile.read(RandomAccessFile.java:478)
 java.base/java.io.RandomAccessFile.readFully(RandomAccessFile.java:542)
 java.base/java.util.zip.ZipFile$Source.readFullyAt(ZipFile.java:1595)
 java.base/java.util.zip.ZipFile$ZipFileInputStream.initDataOffset(ZipFile.java:950)
 java.base/java.util.zip.ZipFile$ZipFileInputStream.read(ZipFile.java:966)
 java.base/java.util.zip.ZipFile$ZipFileInflaterInputStream.fill(ZipFile.java:474)
 java.base/java.util.zip.InflaterInputStream.read(InflaterInputStream.java:176)
 org.apache.catalina.webresources.AbstractArchiveResource$JarInputStreamWrapper.read(AbstractArchiveResource.java:284)
 org.apache.catalina.webresources.AbstractArchiveResource.getContent(AbstractArchiveResource.java:207)
 org.apache.catalina.loader.WebappClassLoaderBase.findClassInternal(WebappClassLoaderBase.java:2102)
 org.apache.catalina.loader.WebappClassLoaderBase.findClass(WebappClassLoaderBase.java:695)
 org.apache.catalina.loader.WebappClassLoaderBase.loadClass(WebappClassLoaderBase.java:1183)
 org.apache.catalina.loader.WebappClassLoaderBase.loadClass(WebappClassLoaderBase.java:1053)
 io.grpc.netty.shaded.io.netty.handler.codec.http2.Http2ConnectionHandler.goAway(Http2ConnectionHandler.java:855)
 io.grpc.netty.shaded.io.netty.handler.codec.http2.Http2ConnectionHandler.goAway(Http2ConnectionHandler.java:902)
 io.grpc.netty.shaded.io.netty.handler.codec.http2.Http2ConnectionHandler.close(Http2ConnectionHandler.java:490)
 io.grpc.netty.shaded.io.grpc.netty.NettyClientHandler.close(NettyClientHandler.java:431)
 io.grpc.netty.shaded.io.grpc.netty.NettyClientHandler.gracefulClose(NettyClientHandler.java:777)
 io.grpc.netty.shaded.io.grpc.netty.NettyClientHandler.write(NettyClientHandler.java:345)
 io.grpc.netty.shaded.io.netty.channel.AbstractChannelHandlerContext.invokeWrite0(AbstractChannelHandlerContext.java:881)
 io.grpc.netty.shaded.io.netty.channel.AbstractChannelHandlerContext.invokeWrite(AbstractChannelHandlerContext.java:863)
 io.grpc.netty.shaded.io.netty.channel.AbstractChannelHandlerContext.write(AbstractChannelHandlerContext.java:968)
 io.grpc.netty.shaded.io.netty.channel.AbstractChannelHandlerContext.write(AbstractChannelHandlerContext.java:856)
 io.grpc.netty.shaded.io.netty.channel.DefaultChannelPipeline.write(DefaultChannelPipeline.java:1015)
 io.grpc.netty.shaded.io.netty.channel.AbstractChannel.write(AbstractChannel.java:301)
 io.grpc.netty.shaded.io.grpc.netty.WriteQueue$AbstractQueuedCommand.run(WriteQueue.java:206)
 io.grpc.netty.shaded.io.grpc.netty.WriteQueue.flush(WriteQueue.java:128)
 io.grpc.netty.shaded.io.grpc.netty.WriteQueue.access$000(WriteQueue.java:35)
 io.grpc.netty.shaded.io.grpc.netty.WriteQueue$1.run(WriteQueue.java:47)
 io.grpc.netty.shaded.io.netty.util.concurrent.AbstractEventExecutor.runTask(AbstractEventExecutor.java:173)
 io.grpc.netty.shaded.io.netty.util.concurrent.AbstractEventExecutor.safeExecute(AbstractEventExecutor.java:166)
 io.grpc.netty.shaded.io.netty.util.concurrent.SingleThreadEventExecutor.runAllTasks(SingleThreadEventExecutor.java:470)
 io.grpc.netty.shaded.io.netty.channel.epoll.EpollEventLoop.run(EpollEventLoop.java:413)
 io.grpc.netty.shaded.io.netty.util.concurrent.SingleThreadEventExecutor$4.run(SingleThreadEventExecutor.java:997)
 io.grpc.netty.shaded.io.netty.util.internal.ThreadExecutorMap$2.run(ThreadExecutorMap.java:74)
 io.grpc.netty.shaded.io.netty.util.concurrent.FastThreadLocalRunnable.run(FastThreadLocalRunnable.java:30)
 java.base/java.lang.Thread.run(Thread.java:1575)
22-May-2025 23:08:54.486 SEVERE [Thread-2] org.apache.catalina.loader.WebappClassLoaderBase.checkThreadLocalMapForLeaks L'application web [E-banking_prjt] a crée un ThreadLocal avec une clé de type [java.lang.ThreadLocal] (valeur [java.lang.ThreadLocal@3d55503a]) et une valeur de type [io.grpc.netty.shaded.io.netty.util.internal.InternalThreadLocalMap] (valeur [io.grpc.netty.shaded.io.netty.util.internal.InternalThreadLocalMap@56e8c3fc]) mais ne l'a pas supprimé lorsqu'elle a été arrêtée, les threads seront graduellement renouvelés pour éviter une probable fuite de mémoire
22-May-2025 23:08:54.491 SEVERE [Thread-2] org.apache.catalina.loader.WebappClassLoaderBase.checkThreadLocalMapForLeaks L'application web [E-banking_prjt] a crée un ThreadLocal avec une clé de type [java.lang.ThreadLocal] (valeur [java.lang.ThreadLocal@3d55503a]) et une valeur de type [io.grpc.netty.shaded.io.netty.util.internal.InternalThreadLocalMap] (valeur [io.grpc.netty.shaded.io.netty.util.internal.InternalThreadLocalMap@28f414f3]) mais ne l'a pas supprimé lorsqu'elle a été arrêtée, les threads seront graduellement renouvelés pour éviter une probable fuite de mémoire
22-May-2025 23:08:54.494 SEVERE [Thread-2] org.apache.catalina.loader.WebappClassLoaderBase.checkThreadLocalMapForLeaks L'application web [E-banking_prjt] a crée un ThreadLocal avec une clé de type [java.lang.ThreadLocal] (valeur [java.lang.ThreadLocal@3d55503a]) et une valeur de type [io.grpc.netty.shaded.io.netty.util.internal.InternalThreadLocalMap] (valeur [io.grpc.netty.shaded.io.netty.util.internal.InternalThreadLocalMap@41f6727e]) mais ne l'a pas supprimé lorsqu'elle a été arrêtée, les threads seront graduellement renouvelés pour éviter une probable fuite de mémoire
22-May-2025 23:08:54.496 SEVERE [Thread-2] org.apache.catalina.loader.WebappClassLoaderBase.checkThreadLocalMapForLeaks L'application web [E-banking_prjt] a crée un ThreadLocal avec une clé de type [java.lang.ThreadLocal] (valeur [java.lang.ThreadLocal@3d55503a]) et une valeur de type [io.grpc.netty.shaded.io.netty.util.internal.InternalThreadLocalMap] (valeur [io.grpc.netty.shaded.io.netty.util.internal.InternalThreadLocalMap@12bc39d3]) mais ne l'a pas supprimé lorsqu'elle a été arrêtée, les threads seront graduellement renouvelés pour éviter une probable fuite de mémoire
22-May-2025 23:08:54.538 INFO [Thread-2] org.apache.coyote.AbstractProtocol.stop Arrêt du gestionnaire de protocole ["http-nio-8081"]
22-May-2025 23:08:54.553 INFO [Thread-2] org.apache.coyote.AbstractProtocol.destroy Destruction du gestionnaire de protocole ["http-nio-8081"]
